mode: set
github.com/link-app/chat-svc/internal/service/chat.go:26.83,34.2 2 0
github.com/link-app/chat-svc/internal/service/chat.go:52.65,54.2 1 0
github.com/link-app/chat-svc/internal/service/chat.go:57.55,59.2 1 0
github.com/link-app/chat-svc/internal/service/chat.go:62.57,64.2 1 0
github.com/link-app/chat-svc/internal/service/chat.go:71.180,73.92 1 0
github.com/link-app/chat-svc/internal/service/chat.go:73.92,75.3 1 0
github.com/link-app/chat-svc/internal/service/chat.go:78.2,78.96 1 0
github.com/link-app/chat-svc/internal/service/chat.go:78.96,84.3 2 0
github.com/link-app/chat-svc/internal/service/chat.go:87.2,98.76 2 0
github.com/link-app/chat-svc/internal/service/chat.go:98.76,101.3 2 0
github.com/link-app/chat-svc/internal/service/chat.go:104.2,105.92 2 0
github.com/link-app/chat-svc/internal/service/chat.go:105.92,107.3 1 0
github.com/link-app/chat-svc/internal/service/chat.go:110.2,119.18 3 0
github.com/link-app/chat-svc/internal/service/chat.go:123.141,125.94 1 0
github.com/link-app/chat-svc/internal/service/chat.go:125.94,127.3 1 0
github.com/link-app/chat-svc/internal/service/chat.go:130.2,131.16 2 0
github.com/link-app/chat-svc/internal/service/chat.go:131.16,138.3 2 0
github.com/link-app/chat-svc/internal/service/chat.go:141.2,142.16 2 0
github.com/link-app/chat-svc/internal/service/chat.go:142.16,145.3 2 0
github.com/link-app/chat-svc/internal/service/chat.go:148.2,157.18 4 0
github.com/link-app/chat-svc/internal/service/chat.go:161.160,164.16 2 0
github.com/link-app/chat-svc/internal/service/chat.go:164.16,167.3 2 0
github.com/link-app/chat-svc/internal/service/chat.go:170.2,170.37 1 0
github.com/link-app/chat-svc/internal/service/chat.go:170.37,172.51 2 0
github.com/link-app/chat-svc/internal/service/chat.go:172.51,175.4 1 0
github.com/link-app/chat-svc/internal/service/chat.go:178.2,185.34 2 0
github.com/link-app/chat-svc/internal/service/chat.go:189.120,191.57 1 0
github.com/link-app/chat-svc/internal/service/chat.go:191.57,193.3 1 0
github.com/link-app/chat-svc/internal/service/chat.go:195.2,196.16 2 0
github.com/link-app/chat-svc/internal/service/chat.go:196.16,199.3 2 0
github.com/link-app/chat-svc/internal/service/chat.go:201.2,201.18 1 0
github.com/link-app/chat-svc/internal/service/chat.go:205.102,207.68 1 0
github.com/link-app/chat-svc/internal/service/chat.go:207.68,209.3 1 0
github.com/link-app/chat-svc/internal/service/chat.go:212.2,220.67 2 0
github.com/link-app/chat-svc/internal/service/chat.go:220.67,222.3 1 0
github.com/link-app/chat-svc/internal/service/chat.go:225.2,237.12 4 0
github.com/link-app/chat-svc/internal/service/chat.go:241.103,243.57 1 0
github.com/link-app/chat-svc/internal/service/chat.go:243.57,245.3 1 0
github.com/link-app/chat-svc/internal/service/chat.go:248.2,248.78 1 0
github.com/link-app/chat-svc/internal/service/chat.go:248.78,250.3 1 0
github.com/link-app/chat-svc/internal/service/chat.go:253.2,268.12 5 0
github.com/link-app/chat-svc/internal/service/chat.go:272.136,274.62 1 0
github.com/link-app/chat-svc/internal/service/chat.go:274.62,276.3 1 0
github.com/link-app/chat-svc/internal/service/chat.go:278.2,279.16 2 0
github.com/link-app/chat-svc/internal/service/chat.go:279.16,281.3 1 0
github.com/link-app/chat-svc/internal/service/chat.go:283.2,283.21 1 0
github.com/link-app/chat-svc/internal/service/chat.go:291.140,293.73 1 0
github.com/link-app/chat-svc/internal/service/chat.go:293.73,295.3 1 0
github.com/link-app/chat-svc/internal/service/chat.go:298.2,310.69 2 0
github.com/link-app/chat-svc/internal/service/chat.go:310.69,313.3 2 0
github.com/link-app/chat-svc/internal/service/chat.go:316.2,325.21 3 0
github.com/link-app/chat-svc/internal/service/chat.go:329.133,331.57 1 0
github.com/link-app/chat-svc/internal/service/chat.go:331.57,333.3 1 0
github.com/link-app/chat-svc/internal/service/chat.go:335.2,336.16 2 0
github.com/link-app/chat-svc/internal/service/chat.go:336.16,339.3 2 0
github.com/link-app/chat-svc/internal/service/chat.go:341.2,341.29 1 0
github.com/link-app/chat-svc/internal/service/chat.go:345.133,346.26 1 0
github.com/link-app/chat-svc/internal/service/chat.go:346.26,348.3 1 0
github.com/link-app/chat-svc/internal/service/chat.go:351.2,351.85 1 0
github.com/link-app/chat-svc/internal/service/chat.go:351.85,354.3 2 0
github.com/link-app/chat-svc/internal/service/chat.go:357.2,357.71 1 0
github.com/link-app/chat-svc/internal/service/chat.go:357.71,360.3 1 0
github.com/link-app/chat-svc/internal/service/chat.go:363.2,377.12 4 0
github.com/link-app/chat-svc/internal/service/chat.go:381.102,384.16 2 0
github.com/link-app/chat-svc/internal/service/chat.go:384.16,386.3 1 0
github.com/link-app/chat-svc/internal/service/chat.go:389.2,390.16 2 0
github.com/link-app/chat-svc/internal/service/chat.go:390.16,392.3 1 0
github.com/link-app/chat-svc/internal/service/chat.go:394.2,394.21 1 0
github.com/link-app/chat-svc/internal/service/chat.go:402.137,410.72 2 0
github.com/link-app/chat-svc/internal/service/chat.go:410.72,413.3 2 0
github.com/link-app/chat-svc/internal/service/chat.go:415.2,421.12 2 0
github.com/link-app/chat-svc/internal/service/chat.go:425.112,427.16 2 0
github.com/link-app/chat-svc/internal/service/chat.go:427.16,429.3 1 0
github.com/link-app/chat-svc/internal/service/chat.go:431.2,431.22 1 0
github.com/link-app/chat-svc/internal/service/chat.go:435.115,437.57 1 0
github.com/link-app/chat-svc/internal/service/chat.go:437.57,439.3 1 0
github.com/link-app/chat-svc/internal/service/chat.go:441.2,441.83 1 0
github.com/link-app/chat-svc/internal/service/chat.go:441.83,444.3 2 0
github.com/link-app/chat-svc/internal/service/chat.go:446.2,446.12 1 0
github.com/link-app/chat-svc/internal/service/chat.go:450.85,452.16 2 0
github.com/link-app/chat-svc/internal/service/chat.go:452.16,454.3 1 0
github.com/link-app/chat-svc/internal/service/chat.go:456.2,456.19 1 0
github.com/link-app/chat-svc/internal/service/chat.go:460.92,462.2 1 0
github.com/link-app/chat-svc/internal/service/chat.go:469.149,471.39 1 0
github.com/link-app/chat-svc/internal/service/chat.go:471.39,473.3 1 0
github.com/link-app/chat-svc/internal/service/chat.go:474.2,474.25 1 0
github.com/link-app/chat-svc/internal/service/chat.go:474.25,476.3 1 0
github.com/link-app/chat-svc/internal/service/chat.go:477.2,477.32 1 0
github.com/link-app/chat-svc/internal/service/chat.go:477.32,479.3 1 0
github.com/link-app/chat-svc/internal/service/chat.go:482.2,482.30 1 0
github.com/link-app/chat-svc/internal/service/chat.go:482.30,484.3 1 0
github.com/link-app/chat-svc/internal/service/chat.go:485.2,485.32 1 0
github.com/link-app/chat-svc/internal/service/chat.go:485.32,487.3 1 0
github.com/link-app/chat-svc/internal/service/chat.go:490.2,491.36 2 0
github.com/link-app/chat-svc/internal/service/chat.go:491.36,492.22 1 0
github.com/link-app/chat-svc/internal/service/chat.go:492.22,494.4 1 0
github.com/link-app/chat-svc/internal/service/chat.go:495.3,495.15 1 0
github.com/link-app/chat-svc/internal/service/chat.go:495.15,497.4 1 0
github.com/link-app/chat-svc/internal/service/chat.go:498.3,498.18 1 0
github.com/link-app/chat-svc/internal/service/chat.go:501.2,501.12 1 0
github.com/link-app/chat-svc/internal/service/chat.go:505.115,506.34 1 0
github.com/link-app/chat-svc/internal/service/chat.go:506.34,508.3 1 0
github.com/link-app/chat-svc/internal/service/chat.go:510.2,510.12 1 0
github.com/link-app/chat-svc/internal/service/chat.go:514.127,519.2 1 0
github.com/link-app/chat-svc/internal/service/chat.go:522.149,523.47 1 0
github.com/link-app/chat-svc/internal/service/chat.go:523.47,525.33 2 0
github.com/link-app/chat-svc/internal/service/chat.go:525.33,527.4 1 0
github.com/link-app/chat-svc/internal/service/chat.go:529.3,537.68 2 0
github.com/link-app/chat-svc/internal/service/chat.go:537.68,543.4 2 0
github.com/link-app/chat-svc/internal/service/chat.go:545.2,545.12 1 0
github.com/link-app/chat-svc/internal/service/chat.go:549.98,551.16 2 0
github.com/link-app/chat-svc/internal/service/chat.go:551.16,554.3 2 0
github.com/link-app/chat-svc/internal/service/chat.go:555.2,555.17 1 0
github.com/link-app/chat-svc/internal/service/chat.go:559.105,562.16 2 0
github.com/link-app/chat-svc/internal/service/chat.go:562.16,564.3 1 0
github.com/link-app/chat-svc/internal/service/chat.go:567.2,567.56 1 0
github.com/link-app/chat-svc/internal/service/chat.go:567.56,569.3 1 0
github.com/link-app/chat-svc/internal/service/chat.go:572.2,573.16 2 0
github.com/link-app/chat-svc/internal/service/chat.go:573.16,575.3 1 0
github.com/link-app/chat-svc/internal/service/chat.go:576.2,576.60 1 0
github.com/link-app/chat-svc/internal/service/chat.go:576.60,578.3 1 0
github.com/link-app/chat-svc/internal/service/chat.go:581.2,581.20 1 0
github.com/link-app/chat-svc/internal/service/chat.go:581.20,584.3 1 0
github.com/link-app/chat-svc/internal/service/chat.go:586.2,586.12 1 0
github.com/link-app/chat-svc/internal/service/chat.go:590.130,592.42 1 0
github.com/link-app/chat-svc/internal/service/chat.go:592.42,594.3 1 0
github.com/link-app/chat-svc/internal/service/chat.go:595.2,595.29 1 0
github.com/link-app/chat-svc/internal/service/chat.go:595.29,597.3 1 0
github.com/link-app/chat-svc/internal/service/chat.go:600.2,607.34 2 0
github.com/link-app/chat-svc/internal/service/chat.go:607.34,609.3 1 0
github.com/link-app/chat-svc/internal/service/chat.go:612.2,612.57 1 0
github.com/link-app/chat-svc/internal/service/chat.go:612.57,614.3 1 0
github.com/link-app/chat-svc/internal/service/chat.go:616.2,616.12 1 0
github.com/link-app/chat-svc/internal/service/chat.go:620.126,623.16 2 0
github.com/link-app/chat-svc/internal/service/chat.go:623.16,626.3 2 0
github.com/link-app/chat-svc/internal/service/chat.go:628.2,628.33 1 0
github.com/link-app/chat-svc/internal/service/chat.go:628.33,629.30 1 0
github.com/link-app/chat-svc/internal/service/chat.go:629.30,630.12 1 0
github.com/link-app/chat-svc/internal/service/chat.go:632.3,632.83 1 0
github.com/link-app/chat-svc/internal/service/chat.go:632.83,634.4 1 0
github.com/link-app/chat-svc/internal/service/chat.go:638.2,647.66 3 0
github.com/link-app/chat-svc/internal/service/chat.go:647.66,649.3 1 0
github.com/link-app/chat-svc/internal/service/chat.go:653.126,654.45 1 0
github.com/link-app/chat-svc/internal/service/chat.go:654.45,662.3 2 0
github.com/link-app/chat-svc/internal/service/chat.go:666.139,667.45 1 0
github.com/link-app/chat-svc/internal/service/chat.go:667.45,675.3 2 0
github.com/link-app/chat-svc/internal/service/chat.go:679.157,682.16 2 0
github.com/link-app/chat-svc/internal/service/chat.go:682.16,684.3 1 0
github.com/link-app/chat-svc/internal/service/chat.go:685.2,685.64 1 0
github.com/link-app/chat-svc/internal/service/chat.go:689.175,691.65 1 0
github.com/link-app/chat-svc/internal/service/chat.go:691.65,693.3 1 0
github.com/link-app/chat-svc/internal/service/chat.go:696.2,697.16 2 0
github.com/link-app/chat-svc/internal/service/chat.go:697.16,699.3 1 0
github.com/link-app/chat-svc/internal/service/chat.go:703.2,704.16 2 0
github.com/link-app/chat-svc/internal/service/chat.go:704.16,707.3 2 0
github.com/link-app/chat-svc/internal/service/chat.go:709.2,709.29 1 0
github.com/link-app/chat-svc/internal/service/chat.go:713.122,715.16 2 0
github.com/link-app/chat-svc/internal/service/chat.go:715.16,718.3 2 0
github.com/link-app/chat-svc/internal/service/chat.go:719.2,719.22 1 0
github.com/link-app/chat-svc/internal/service/chat.go:724.51,726.2 1 0
github.com/link-app/chat-svc/internal/service/chat.go:729.33,731.2 1 0
github.com/link-app/chat-svc/internal/service/chat.go:734.53,736.2 1 0
github.com/link-app/chat-svc/internal/service/chat_service.go:24.99,30.2 1 0
github.com/link-app/chat-svc/internal/service/chat_service.go:33.127,35.57 1 0
github.com/link-app/chat-svc/internal/service/chat_service.go:35.57,37.3 1 0
github.com/link-app/chat-svc/internal/service/chat_service.go:39.2,51.75 2 0
github.com/link-app/chat-svc/internal/service/chat_service.go:51.75,54.3 2 0
github.com/link-app/chat-svc/internal/service/chat_service.go:57.2,65.66 2 0
github.com/link-app/chat-svc/internal/service/chat_service.go:65.66,68.3 2 0
github.com/link-app/chat-svc/internal/service/chat_service.go:71.2,85.18 4 0
github.com/link-app/chat-svc/internal/service/chat_service.go:89.132,91.34 1 1
github.com/link-app/chat-svc/internal/service/chat_service.go:91.34,93.3 1 1
github.com/link-app/chat-svc/internal/service/chat_service.go:96.2,97.16 2 0
github.com/link-app/chat-svc/internal/service/chat_service.go:97.16,104.3 2 0
github.com/link-app/chat-svc/internal/service/chat_service.go:107.2,108.16 2 0
github.com/link-app/chat-svc/internal/service/chat_service.go:108.16,111.3 2 0
github.com/link-app/chat-svc/internal/service/chat_service.go:113.2,119.18 2 0
github.com/link-app/chat-svc/internal/service/chat_service.go:123.103,126.16 2 0
github.com/link-app/chat-svc/internal/service/chat_service.go:126.16,129.3 2 0
github.com/link-app/chat-svc/internal/service/chat_service.go:131.2,131.15 1 0
github.com/link-app/chat-svc/internal/service/chat_service.go:131.15,133.3 1 0
github.com/link-app/chat-svc/internal/service/chat_service.go:135.2,136.16 2 0
github.com/link-app/chat-svc/internal/service/chat_service.go:136.16,139.3 2 0
github.com/link-app/chat-svc/internal/service/chat_service.go:141.2,141.18 1 0
github.com/link-app/chat-svc/internal/service/chat_service.go:145.142,147.16 2 0
github.com/link-app/chat-svc/internal/service/chat_service.go:147.16,150.3 2 0
github.com/link-app/chat-svc/internal/service/chat_service.go:153.2,153.37 1 0
github.com/link-app/chat-svc/internal/service/chat_service.go:153.37,155.36 2 0
github.com/link-app/chat-svc/internal/service/chat_service.go:155.36,158.4 1 0
github.com/link-app/chat-svc/internal/service/chat_service.go:161.2,161.34 1 0
github.com/link-app/chat-svc/internal/service/chat_service.go:165.136,167.58 1 0
github.com/link-app/chat-svc/internal/service/chat_service.go:167.58,169.3 1 0
github.com/link-app/chat-svc/internal/service/chat_service.go:172.2,173.16 2 0
github.com/link-app/chat-svc/internal/service/chat_service.go:173.16,176.3 2 0
github.com/link-app/chat-svc/internal/service/chat_service.go:177.2,177.15 1 0
github.com/link-app/chat-svc/internal/service/chat_service.go:177.15,179.3 1 0
github.com/link-app/chat-svc/internal/service/chat_service.go:182.2,194.68 2 0
github.com/link-app/chat-svc/internal/service/chat_service.go:194.68,197.3 2 0
github.com/link-app/chat-svc/internal/service/chat_service.go:200.2,221.21 6 0
github.com/link-app/chat-svc/internal/service/chat_service.go:225.129,228.16 2 0
github.com/link-app/chat-svc/internal/service/chat_service.go:228.16,231.3 2 0
github.com/link-app/chat-svc/internal/service/chat_service.go:232.2,232.15 1 0
github.com/link-app/chat-svc/internal/service/chat_service.go:232.15,234.3 1 0
github.com/link-app/chat-svc/internal/service/chat_service.go:236.2,237.16 2 0
github.com/link-app/chat-svc/internal/service/chat_service.go:237.16,240.3 2 0
github.com/link-app/chat-svc/internal/service/chat_service.go:242.2,242.29 1 0
github.com/link-app/chat-svc/internal/service/chat_service.go:246.129,247.26 1 1
github.com/link-app/chat-svc/internal/service/chat_service.go:247.26,249.3 1 1
github.com/link-app/chat-svc/internal/service/chat_service.go:252.2,252.84 1 0
github.com/link-app/chat-svc/internal/service/chat_service.go:252.84,255.3 2 0
github.com/link-app/chat-svc/internal/service/chat_service.go:258.2,258.70 1 0
github.com/link-app/chat-svc/internal/service/chat_service.go:258.70,261.3 1 0
github.com/link-app/chat-svc/internal/service/chat_service.go:264.2,278.12 4 0
github.com/link-app/chat-svc/internal/service/chat_service.go:282.85,285.16 2 0
github.com/link-app/chat-svc/internal/service/chat_service.go:285.16,287.3 1 0
github.com/link-app/chat-svc/internal/service/chat_service.go:290.2,291.16 2 0
github.com/link-app/chat-svc/internal/service/chat_service.go:291.16,293.3 1 0
github.com/link-app/chat-svc/internal/service/chat_service.go:294.2,294.14 1 0
github.com/link-app/chat-svc/internal/service/chat_service.go:294.14,296.3 1 0
github.com/link-app/chat-svc/internal/service/chat_service.go:299.2,300.16 2 0
github.com/link-app/chat-svc/internal/service/chat_service.go:300.16,302.3 1 0
github.com/link-app/chat-svc/internal/service/chat_service.go:303.2,303.60 1 0
github.com/link-app/chat-svc/internal/service/chat_service.go:303.60,305.3 1 0
github.com/link-app/chat-svc/internal/service/chat_service.go:308.2,316.66 2 0
github.com/link-app/chat-svc/internal/service/chat_service.go:316.66,318.3 1 0
github.com/link-app/chat-svc/internal/service/chat_service.go:321.2,333.12 4 0
github.com/link-app/chat-svc/internal/service/chat_service.go:337.86,340.16 2 0
github.com/link-app/chat-svc/internal/service/chat_service.go:340.16,342.3 1 0
github.com/link-app/chat-svc/internal/service/chat_service.go:343.2,343.15 1 0
github.com/link-app/chat-svc/internal/service/chat_service.go:343.15,345.3 1 0
github.com/link-app/chat-svc/internal/service/chat_service.go:348.2,348.77 1 0
github.com/link-app/chat-svc/internal/service/chat_service.go:348.77,350.3 1 0
github.com/link-app/chat-svc/internal/service/chat_service.go:353.2,365.12 4 0
github.com/link-app/chat-svc/internal/service/chat_service.go:369.132,378.2 2 0
github.com/link-app/chat-svc/internal/service/chat_service.go:381.107,383.2 1 0
github.com/link-app/chat-svc/internal/service/chat_service.go:386.110,389.16 2 0
github.com/link-app/chat-svc/internal/service/chat_service.go:389.16,391.3 1 0
github.com/link-app/chat-svc/internal/service/chat_service.go:392.2,392.15 1 0
github.com/link-app/chat-svc/internal/service/chat_service.go:392.15,394.3 1 0
github.com/link-app/chat-svc/internal/service/chat_service.go:396.2,396.66 1 0
github.com/link-app/chat-svc/internal/service/chat_service.go:400.114,403.16 2 0
github.com/link-app/chat-svc/internal/service/chat_service.go:403.16,405.3 1 0
github.com/link-app/chat-svc/internal/service/chat_service.go:406.2,406.15 1 0
github.com/link-app/chat-svc/internal/service/chat_service.go:406.15,408.3 1 0
github.com/link-app/chat-svc/internal/service/chat_service.go:410.2,411.16 2 0
github.com/link-app/chat-svc/internal/service/chat_service.go:411.16,413.3 1 0
github.com/link-app/chat-svc/internal/service/chat_service.go:415.2,415.21 1 0
github.com/link-app/chat-svc/internal/service/chat_service.go:419.84,420.39 1 1
github.com/link-app/chat-svc/internal/service/chat_service.go:420.39,422.3 1 1
github.com/link-app/chat-svc/internal/service/chat_service.go:423.2,423.25 1 1
github.com/link-app/chat-svc/internal/service/chat_service.go:423.25,425.3 1 1
github.com/link-app/chat-svc/internal/service/chat_service.go:426.2,426.32 1 1
github.com/link-app/chat-svc/internal/service/chat_service.go:426.32,428.3 1 1
github.com/link-app/chat-svc/internal/service/chat_service.go:429.2,429.24 1 1
github.com/link-app/chat-svc/internal/service/chat_service.go:429.24,431.3 1 1
github.com/link-app/chat-svc/internal/service/chat_service.go:432.2,432.28 1 1
github.com/link-app/chat-svc/internal/service/chat_service.go:432.28,434.3 1 1
github.com/link-app/chat-svc/internal/service/chat_service.go:435.2,435.12 1 1
github.com/link-app/chat-svc/internal/service/chat_service.go:439.86,440.42 1 1
github.com/link-app/chat-svc/internal/service/chat_service.go:440.42,442.3 1 1
github.com/link-app/chat-svc/internal/service/chat_service.go:443.2,443.29 1 1
github.com/link-app/chat-svc/internal/service/chat_service.go:443.29,445.3 1 1
github.com/link-app/chat-svc/internal/service/chat_service.go:447.2,455.34 2 1
github.com/link-app/chat-svc/internal/service/chat_service.go:455.34,457.3 1 1
github.com/link-app/chat-svc/internal/service/chat_service.go:458.2,458.12 1 1
github.com/link-app/chat-svc/internal/service/chat_service.go:462.91,464.16 2 0
github.com/link-app/chat-svc/internal/service/chat_service.go:464.16,467.3 2 0
github.com/link-app/chat-svc/internal/service/chat_service.go:469.2,469.33 1 0
github.com/link-app/chat-svc/internal/service/chat_service.go:469.33,471.32 1 0
github.com/link-app/chat-svc/internal/service/chat_service.go:471.32,472.12 1 0
github.com/link-app/chat-svc/internal/service/chat_service.go:476.3,476.82 1 0
github.com/link-app/chat-svc/internal/service/chat_service.go:476.82,481.4 1 0
github.com/link-app/chat-svc/internal/service/redis.go:24.84,35.2 2 0
github.com/link-app/chat-svc/internal/service/redis.go:38.100,42.16 3 0
github.com/link-app/chat-svc/internal/service/redis.go:42.16,45.3 2 0
github.com/link-app/chat-svc/internal/service/redis.go:48.2,49.71 2 0
github.com/link-app/chat-svc/internal/service/redis.go:49.71,52.3 2 0
github.com/link-app/chat-svc/internal/service/redis.go:55.2,55.129 1 0
github.com/link-app/chat-svc/internal/service/redis.go:55.129,57.72 2 0
github.com/link-app/chat-svc/internal/service/redis.go:57.72,60.4 1 0
github.com/link-app/chat-svc/internal/service/redis.go:63.2,69.12 2 0
github.com/link-app/chat-svc/internal/service/redis.go:73.114,77.16 3 0
github.com/link-app/chat-svc/internal/service/redis.go:77.16,79.3 1 0
github.com/link-app/chat-svc/internal/service/redis.go:82.2,83.64 2 0
github.com/link-app/chat-svc/internal/service/redis.go:83.64,86.3 2 0
github.com/link-app/chat-svc/internal/service/redis.go:89.2,89.45 1 0
github.com/link-app/chat-svc/internal/service/redis.go:89.45,91.78 2 0
github.com/link-app/chat-svc/internal/service/redis.go:91.78,93.4 1 0
github.com/link-app/chat-svc/internal/service/redis.go:95.3,95.39 1 0
github.com/link-app/chat-svc/internal/service/redis.go:99.2,99.28 1 0
github.com/link-app/chat-svc/internal/service/redis.go:99.28,107.3 2 0
github.com/link-app/chat-svc/internal/service/redis.go:109.2,115.12 2 0
github.com/link-app/chat-svc/internal/service/redis.go:119.108,123.16 3 0
github.com/link-app/chat-svc/internal/service/redis.go:123.16,124.23 1 0
github.com/link-app/chat-svc/internal/service/redis.go:124.23,131.4 1 0
github.com/link-app/chat-svc/internal/service/redis.go:132.3,132.60 1 0
github.com/link-app/chat-svc/internal/service/redis.go:135.2,136.64 2 0
github.com/link-app/chat-svc/internal/service/redis.go:136.64,138.3 1 0
github.com/link-app/chat-svc/internal/service/redis.go:140.2,140.23 1 0
github.com/link-app/chat-svc/internal/service/redis.go:144.81,148.16 3 0
github.com/link-app/chat-svc/internal/service/redis.go:148.16,149.23 1 0
github.com/link-app/chat-svc/internal/service/redis.go:149.23,151.4 1 0
github.com/link-app/chat-svc/internal/service/redis.go:152.3,152.64 1 0
github.com/link-app/chat-svc/internal/service/redis.go:155.2,156.36 2 0
github.com/link-app/chat-svc/internal/service/redis.go:156.36,157.55 1 0
github.com/link-app/chat-svc/internal/service/redis.go:157.55,159.4 1 0
github.com/link-app/chat-svc/internal/service/redis.go:162.2,162.20 1 0
github.com/link-app/chat-svc/internal/service/redis.go:166.88,171.53 3 0
github.com/link-app/chat-svc/internal/service/redis.go:171.53,173.3 1 0
github.com/link-app/chat-svc/internal/service/redis.go:176.2,176.77 1 0
github.com/link-app/chat-svc/internal/service/redis.go:176.77,178.3 1 0
github.com/link-app/chat-svc/internal/service/redis.go:180.2,181.12 2 0
github.com/link-app/chat-svc/internal/service/redis.go:185.111,188.14 2 0
github.com/link-app/chat-svc/internal/service/redis.go:188.14,190.72 1 0
github.com/link-app/chat-svc/internal/service/redis.go:190.72,192.4 1 0
github.com/link-app/chat-svc/internal/service/redis.go:194.3,202.37 3 0
github.com/link-app/chat-svc/internal/service/redis.go:203.8,205.72 1 0
github.com/link-app/chat-svc/internal/service/redis.go:205.72,207.4 1 0
github.com/link-app/chat-svc/internal/service/redis.go:210.3,215.37 2 0
github.com/link-app/chat-svc/internal/service/redis.go:218.2,218.12 1 0
github.com/link-app/chat-svc/internal/service/redis.go:222.99,226.16 3 0
github.com/link-app/chat-svc/internal/service/redis.go:226.16,227.23 1 0
github.com/link-app/chat-svc/internal/service/redis.go:227.23,229.4 1 0
github.com/link-app/chat-svc/internal/service/redis.go:230.3,230.64 1 0
github.com/link-app/chat-svc/internal/service/redis.go:233.2,234.36 2 0
github.com/link-app/chat-svc/internal/service/redis.go:234.36,235.55 1 0
github.com/link-app/chat-svc/internal/service/redis.go:235.55,237.4 1 0
github.com/link-app/chat-svc/internal/service/redis.go:240.2,240.20 1 0
github.com/link-app/chat-svc/internal/service/redis.go:244.98,247.54 2 0
github.com/link-app/chat-svc/internal/service/redis.go:247.54,249.3 1 0
github.com/link-app/chat-svc/internal/service/redis.go:252.2,254.12 2 0
github.com/link-app/chat-svc/internal/service/redis.go:258.94,261.53 2 0
github.com/link-app/chat-svc/internal/service/redis.go:261.53,263.3 1 0
github.com/link-app/chat-svc/internal/service/redis.go:265.2,265.12 1 0
github.com/link-app/chat-svc/internal/service/redis.go:269.99,273.16 3 0
github.com/link-app/chat-svc/internal/service/redis.go:273.16,274.23 1 0
github.com/link-app/chat-svc/internal/service/redis.go:274.23,276.4 1 0
github.com/link-app/chat-svc/internal/service/redis.go:277.3,277.62 1 0
github.com/link-app/chat-svc/internal/service/redis.go:280.2,280.19 1 0
github.com/link-app/chat-svc/internal/service/redis.go:284.38,286.2 1 0
github.com/link-app/chat-svc/internal/service/redis.go:289.58,291.2 1 0
